<?xml version="1.0" encoding="UTF-8"?>
<testsuite name="com.example.project.TestBook" tests="3" skipped="0" failures="0" errors="0" timestamp="2025-01-14T14:40:50" hostname="codespaces-2d1f71" time="0.129">
  <properties/>
  <testcase name="testBookInfo()" classname="com.example.project.TestBook" time="0.094"/>
  <testcase name="testBookConstructor()" classname="com.example.project.TestBook" time="0.009"/>
  <testcase name="testSetters()" classname="com.example.project.TestBook" time="0.004"/>
  <system-out><![CDATA[]]></system-out>
  <system-err><![CDATA[]]></system-err>
</testsuite>
